Running in Lattice mode


Starting:    /home/Ricky/lscc/iCEcube2.2017.08/synpbase/linux_a_64/mbin/synbatch
Install:     /home/Ricky/lscc/iCEcube2.2017.08/synpbase
Hostname:    gtx
Date:        Wed Feb  3 23:48:58 2021
Version:     L-2016.09L+ice40

Arguments:   -product synplify_pro -batch VGAorig_syn.prj
ProductType: synplify_pro





log file: "/home/Ricky/FPGA-Projects/Go-Board-FPGA-Projects/VGA/orig/VGAorig/VGAorig_Implmnt/VGAorig.srr"
Running: VGAorig_Implmnt in foreground

Running VGAorig_syn|VGAorig_Implmnt

Running: compile (Compile) on VGAorig_syn|VGAorig_Implmnt
# Wed Feb  3 23:48:58 2021

Running: compile_flow (Compile Process) on VGAorig_syn|VGAorig_Implmnt
# Wed Feb  3 23:48:58 2021

Running: compiler (Compile Input) on VGAorig_syn|VGAorig_Implmnt
# Wed Feb  3 23:48:58 2021
Copied /home/Ricky/FPGA-Projects/Go-Board-FPGA-Projects/VGA/orig/VGAorig/VGAorig_Implmnt/synwork/VGAorig_comp.srs to /home/Ricky/FPGA-Projects/Go-Board-FPGA-Projects/VGA/orig/VGAorig/VGAorig_Implmnt/VGAorig.srs

compiler completed
# Wed Feb  3 23:49:00 2021

Return Code: 0
Run Time:00h:00m:02s

Running: multi_srs_gen (Multi-srs Generator) on VGAorig_syn|VGAorig_Implmnt
# Wed Feb  3 23:49:00 2021

multi_srs_gen completed
# Wed Feb  3 23:49:00 2021

Return Code: 0
Run Time:00h:00m:00s
Copied /home/Ricky/FPGA-Projects/Go-Board-FPGA-Projects/VGA/orig/VGAorig/VGAorig_Implmnt/synwork/VGAorig_mult.srs to /home/Ricky/FPGA-Projects/Go-Board-FPGA-Projects/VGA/orig/VGAorig/VGAorig_Implmnt/VGAorig.srs
Complete: Compile Process on VGAorig_syn|VGAorig_Implmnt

Running: premap (Pre-mapping) on VGAorig_syn|VGAorig_Implmnt
# Wed Feb  3 23:49:00 2021

premap completed
# Wed Feb  3 23:49:00 2021

Return Code: 0
Run Time:00h:00m:00s
Complete: Compile on VGAorig_syn|VGAorig_Implmnt

Running: map (Map) on VGAorig_syn|VGAorig_Implmnt
# Wed Feb  3 23:49:00 2021
License granted for 4 parallel jobs

Running: fpga_mapper (Map & Optimize) on VGAorig_syn|VGAorig_Implmnt
# Wed Feb  3 23:49:00 2021
Copied /home/Ricky/FPGA-Projects/Go-Board-FPGA-Projects/VGA/orig/VGAorig/VGAorig_Implmnt/synwork/VGAorig_m.srm to /home/Ricky/FPGA-Projects/Go-Board-FPGA-Projects/VGA/orig/VGAorig/VGAorig_Implmnt/VGAorig.srm

fpga_mapper completed with warnings
# Wed Feb  3 23:49:01 2021

Return Code: 1
Run Time:00h:00m:01s
Complete: Map on VGAorig_syn|VGAorig_Implmnt
Complete: Logic Synthesis on VGAorig_syn|VGAorig_Implmnt

exit status=0

exit status=0

