Running in Lattice mode


Starting:    /home/Ricky/lscc/iCEcube2.2017.08/synpbase/linux_a_64/mbin/synbatch
Install:     /home/Ricky/lscc/iCEcube2.2017.08/synpbase
Hostname:    gtx
Date:        Sun Jan 10 22:44:55 2021
Version:     L-2016.09L+ice40

Arguments:   -product synplify_pro -batch UART_syn.prj
ProductType: synplify_pro





log file: "/home/Ricky/FPGA-Projects/Go-Board-FPGA-Projects/UART/UART_Implmnt/UART.srr"
Running: UART_Implmnt in foreground

Running UART_syn|UART_Implmnt

Running: compile (Compile) on UART_syn|UART_Implmnt
# Sun Jan 10 22:44:55 2021

Running: compile_flow (Compile Process) on UART_syn|UART_Implmnt
# Sun Jan 10 22:44:55 2021

Running: compiler (Compile Input) on UART_syn|UART_Implmnt
# Sun Jan 10 22:44:55 2021
Copied /home/Ricky/FPGA-Projects/Go-Board-FPGA-Projects/UART/UART_Implmnt/synwork/UART_comp.srs to /home/Ricky/FPGA-Projects/Go-Board-FPGA-Projects/UART/UART_Implmnt/UART.srs

compiler completed
# Sun Jan 10 22:44:57 2021

Return Code: 0
Run Time:00h:00m:02s

Running: multi_srs_gen (Multi-srs Generator) on UART_syn|UART_Implmnt
# Sun Jan 10 22:44:57 2021

multi_srs_gen completed
# Sun Jan 10 22:44:57 2021

Return Code: 0
Run Time:00h:00m:00s
Copied /home/Ricky/FPGA-Projects/Go-Board-FPGA-Projects/UART/UART_Implmnt/synwork/UART_mult.srs to /home/Ricky/FPGA-Projects/Go-Board-FPGA-Projects/UART/UART_Implmnt/UART.srs
Complete: Compile Process on UART_syn|UART_Implmnt

Running: premap (Pre-mapping) on UART_syn|UART_Implmnt
# Sun Jan 10 22:44:57 2021

premap completed
# Sun Jan 10 22:44:57 2021

Return Code: 0
Run Time:00h:00m:00s
Complete: Compile on UART_syn|UART_Implmnt

Running: map (Map) on UART_syn|UART_Implmnt
# Sun Jan 10 22:44:57 2021
License granted for 4 parallel jobs

Running: fpga_mapper (Map & Optimize) on UART_syn|UART_Implmnt
# Sun Jan 10 22:44:57 2021
Copied /home/Ricky/FPGA-Projects/Go-Board-FPGA-Projects/UART/UART_Implmnt/synwork/UART_m.srm to /home/Ricky/FPGA-Projects/Go-Board-FPGA-Projects/UART/UART_Implmnt/UART.srm

fpga_mapper completed with warnings
# Sun Jan 10 22:44:58 2021

Return Code: 1
Run Time:00h:00m:01s
Complete: Map on UART_syn|UART_Implmnt
Complete: Logic Synthesis on UART_syn|UART_Implmnt

exit status=0

exit status=0

